<?xml version="1.0" encoding="UTF-8"?>
<!-- Generated by org.testng.reporters.JUnitReportReporter -->
<testsuite hostname="DESKTOP-V9K624K" failures="0" tests="2" name="com.code.ExcelDemo.Zencannalogin" time="0.000" errors="0" timestamp="28 Apr 2020 12:59:14 GMT" skipped="2">
  <testcase classname="com.code.ExcelDemo.Zencannalogin" name="fillUserForm" time="0.000">
    <skipped/>
  </testcase> <!-- fillUserForm -->
  <testcase classname="com.code.ExcelDemo.Zencannalogin" name="setdata" time="0.000">
    <skipped/>
  </testcase> <!-- setdata -->
</testsuite> <!-- com.code.ExcelDemo.Zencannalogin -->
